<?xml version="1.0" encoding="utf-8"?><testsuites name="pytest tests"><testsuite name="pytest" errors="0" failures="0" skipped="0" tests="25" time="8.923" timestamp="2026-09-13T16:11:03.395986+07:00" hostname="DELL-TAMND"><testcase classname="tests.test_agent" name="test_agent_executes_real_mcp_and_observes_results" time="1.452" /><testcase classname="tests.test_agent" name="test_baseline_cannot_write" time="0.033" /><testcase classname="tests.test_agent" name="test_live_failure_is_error_not_mock" time="0.007" /><testcase classname="tests.test_agent" name="test_iteration_budget_stops_loop" time="0.010" /><testcase classname="tests.test_agent" name="test_mcp_task_group_keeps_useful_provider_error" time="1.356" /><testcase classname="tests.test_agent" name="test_gemini_preserves_signature_and_native_observation" time="1.571" /><testcase classname="tests.test_agent" name="test_openai_matches_tool_call_ids" time="0.001" /><testcase classname="tests.test_hr" name="test_balance_and_unknown_employee" time="0.038" /><testcase classname="tests.test_hr" name="test_calendar[2026-09-18-2026-09-22-SUCCESS-3]" time="0.002" /><testcase classname="tests.test_hr" name="test_calendar[2026-09-19-2026-09-20-NO_WORKDAYS-0]" time="0.002" /><testcase classname="tests.test_hr" name="test_calendar[2026-09-02-2026-09-02-NO_WORKDAYS-0]" time="0.002" /><testcase classname="tests.test_hr" name="test_calendar[2026-02-30-2026-03-01-INVALID_DATE-None]" time="0.002" /><testcase classname="tests.test_hr" name="test_calendar[2026-09-22-2026-09-21-INVALID_DATE_RANGE-None]" time="0.002" /><testcase classname="tests.test_hr" name="test_calendar[2027-01-01-2027-01-03-INVALID_DATE_RANGE-None]" time="0.002" /><testcase classname="tests.test_hr" name="test_calendar[2026-09-01-2026-10-01-INVALID_DATE_RANGE-None]" time="0.002" /><testcase classname="tests.test_hr" name="test_reservation_duplicate_overlap_and_persistence" time="0.051" /><testcase classname="tests.test_hr" name="test_invalid_writes_do_not_mutate[NV003-2026-09-21-2026-09-25-du l\u1ecbch-INSUFFICIENT_BALANCE]" time="0.035" /><testcase classname="tests.test_hr" name="test_invalid_writes_do_not_mutate[NV999-2026-09-21-2026-09-21-du l\u1ecbch-NOT_FOUND]" time="0.034" /><testcase classname="tests.test_hr" name="test_invalid_writes_do_not_mutate[NV001-2026-09-10-2026-09-11-du l\u1ecbch-PAST_DATE]" time="0.038" /><testcase classname="tests.test_hr" name="test_invalid_writes_do_not_mutate[NV001-2026-09-21-2026-09-21- -INVALID_REASON]" time="0.048" /><testcase classname="tests.test_hr" name="test_concurrent_writes_cannot_overspend" time="0.046" /><testcase classname="tests.test_hr" name="test_strict_schema_and_unknown_tool" time="0.009" /><testcase classname="tests.test_hr" name="test_real_mcp_initialize_discover_and_call" time="1.370" /><testcase classname="tests.test_web" name="test_web_state_and_input_validation" time="0.151" /><testcase classname="tests.test_web" name="test_streaming_chat_and_persistent_readback" time="1.434" /></testsuite></testsuites>